#
# There is insufficient memory for the Java Runtime Environment to continue.
# Native memory allocation (malloc) failed to allocate 1048576 bytes. Error detail: AllocateHeap
# Possible reasons:
#   The system is out of physical RAM or swap space
#   This process is running with CompressedOops enabled, and the Java Heap may be blocking the growth of the native heap
# Possible solutions:
#   Reduce memory load on the system
#   Increase physical memory or swap space
#   Check if swap backing store is full
#   Decrease Java heap size (-Xmx/-Xms)
#   Decrease number of Java threads
#   Decrease Java thread stack sizes (-Xss)
#   Set larger code cache with -XX:ReservedCodeCacheSize=
#   JVM is running with Unscaled Compressed Oops mode in which the Java heap is
#     placed in the first 4GB address space. The Java Heap base address is the
#     maximum limit for the native heap growth. Please use -XX:HeapBaseMinAddress
#     to set the Java Heap base and to place the Java Heap above 4GB virtual address.
# This output file may be truncated or incomplete.
#
#  Out of Memory Error (allocation.cpp:44), pid=28516, tid=9240
#
# JRE version: OpenJDK Runtime Environment Temurin-21.0.8+9 (21.0.8+9) (build 21.0.8+9-LTS)
# Java VM: OpenJDK 64-Bit Server VM Temurin-21.0.8+9 (21.0.8+9-LTS, mixed mode, sharing, tiered, compressed oops, compressed class ptrs, parallel gc, windows-amd64)
# No core dump will be written. Minidumps are not enabled by default on client versions of Windows
#

---------------  S U M M A R Y ------------

Command Line: --add-modules=ALL-SYSTEM --add-opens=java.base/java.util=ALL-UNNAMED --add-opens=java.base/java.lang=ALL-UNNAMED --add-opens=java.base/sun.nio.fs=ALL-UNNAMED -Declipse.application=org.eclipse.jdt.ls.core.id1 -Dosgi.bundles.defaultStartLevel=4 -Declipse.product=org.eclipse.jdt.ls.core.product -Djava.import.generatesMetadataFilesAtProjectRoot=false -DDetectVMInstallationsJob.disabled=true -Dfile.encoding=utf8 -XX:+UseParallelGC -XX:GCTimeRatio=4 -XX:AdaptiveSizePolicyWeight=90 -Dsun.zip.disableMemoryMapping=true -Xmx2G -Xms100m -Xlog:disable -javaagent:c:\Users\steve\.vscode\extensions\redhat.java-1.44.0-win32-x64\lombok\lombok-1.18.39-4050.jar -XX:+HeapDumpOnOutOfMemoryError -XX:HeapDumpPath=c:\Users\steve\AppData\Roaming\Code\User\workspaceStorage\cd1d468f1b6313083e2712d3cae23c8e\redhat.java -Daether.dependencyCollector.impl=bf c:\Users\steve\.vscode\extensions\redhat.java-1.44.0-win32-x64\server\plugins\org.eclipse.equinox.launcher_1.7.0.v20250519-0528.jar -configuration c:\Users\steve\AppData\Roaming\Code\User\globalStorage\redhat.java\1.44.0\config_win -data c:\Users\steve\AppData\Roaming\Code\User\workspaceStorage\cd1d468f1b6313083e2712d3cae23c8e\redhat.java\jdt_ws --pipe=\\.\pipe\lsp-b0bf4ac8ca9a8a0ba5dd54f6939d89e4-sock

Host: AMD Ryzen 7 3700U with Radeon Vega Mobile Gfx  , 8 cores, 13G,  Windows 11 , 64 bit Build 26100 (10.0.26100.4768)
Time: Mon Sep  8 21:12:50 2025 AUS Eastern Standard Time elapsed time: 368656.683966 seconds (4d 6h 24m 16s)

---------------  T H R E A D  ---------------

Current thread (0x000001c8169a7f00):  JavaThread "Attach Listener" daemon [_thread_in_vm, id=9240, stack(0x0000001664200000,0x0000001664300000) (1024K)]

Stack: [0x0000001664200000,0x0000001664300000]
Native frames: (J=compiled Java code, j=interpreted, Vv=VM code, C=native code)
V  [jvm.dll+0x6d2449]
V  [jvm.dll+0x8ae341]
V  [jvm.dll+0x8b08be]
V  [jvm.dll+0x8b0fa3]
V  [jvm.dll+0x280c96]
V  [jvm.dll+0xc0347]
V  [jvm.dll+0x6d2cf9]
V  [jvm.dll+0x131116]
V  [jvm.dll+0x3f2d16]
V  [jvm.dll+0x857e6b]
V  [jvm.dll+0x6d0b0d]
C  [ucrtbase.dll+0x37b0]
C  [KERNEL32.DLL+0x2e8d7]
C  [ntdll.dll+0x3c34c]


---------------  P R O C E S S  ---------------

Threads class SMR info:
_java_thread_list=0x000001c8606a7440, length=35, elements={
0x000001c87feec790, 0x000001c87ffab560, 0x000001c87ffad710, 0x000001c8169a5d50,
0x000001c8169a7f00, 0x000001c8169aab60, 0x000001c8169ad6c0, 0x000001c8169ae590,
0x000001c8169c62d0, 0x000001c85951bf70, 0x000001c8596ec5a0, 0x000001c85e7f5230,
0x000001c85e09b990, 0x000001c85e09d550, 0x000001c85e181b10, 0x000001c85e7fdef0,
0x000001c85e169b90, 0x000001c859545730, 0x000001c859547800, 0x000001c859546450,
0x000001c860af9580, 0x000001c860af7b40, 0x000001c860af9c10, 0x000001c860af8ef0,
0x000001c860af81d0, 0x000001c860afa2a0, 0x000001c860af74b0, 0x000001c860afb650,
0x000001c860afc370, 0x000001c860afca00, 0x000001c860afd090, 0x000001c860afd720,
0x000001c861ab4900, 0x000001c861ab3550, 0x000001c861ab7060
}

Java Threads: ( => current thread )
  0x000001c87feec790 JavaThread "main"                              [_thread_blocked, id=6288, stack(0x0000001663b00000,0x0000001663c00000) (1024K)]
  0x000001c87ffab560 JavaThread "Reference Handler"          daemon [_thread_blocked, id=20944, stack(0x0000001663f00000,0x0000001664000000) (1024K)]
  0x000001c87ffad710 JavaThread "Finalizer"                  daemon [_thread_blocked, id=6764, stack(0x0000001664000000,0x0000001664100000) (1024K)]
  0x000001c8169a5d50 JavaThread "Signal Dispatcher"          daemon [_thread_blocked, id=8380, stack(0x0000001664100000,0x0000001664200000) (1024K)]
=>0x000001c8169a7f00 JavaThread "Attach Listener"            daemon [_thread_in_vm, id=9240, stack(0x0000001664200000,0x0000001664300000) (1024K)]
  0x000001c8169aab60 JavaThread "Service Thread"             daemon [_thread_blocked, id=18012, stack(0x0000001664300000,0x0000001664400000) (1024K)]
  0x000001c8169ad6c0 JavaThread "Monitor Deflation Thread"   daemon [_thread_blocked, id=34000, stack(0x0000001664400000,0x0000001664500000) (1024K)]
  0x000001c8169ae590 JavaThread "C2 CompilerThread0"         daemon [_thread_blocked, id=32648, stack(0x0000001664500000,0x0000001664600000) (1024K)]
  0x000001c8169c62d0 JavaThread "C1 CompilerThread0"         daemon [_thread_blocked, id=34044, stack(0x0000001664600000,0x0000001664700000) (1024K)]
  0x000001c85951bf70 JavaThread "Common-Cleaner"             daemon [_thread_blocked, id=34372, stack(0x0000001664700000,0x0000001664800000) (1024K)]
  0x000001c8596ec5a0 JavaThread "Notification Thread"        daemon [_thread_blocked, id=28980, stack(0x0000001664800000,0x0000001664900000) (1024K)]
  0x000001c85e7f5230 JavaThread "Active Thread: Equinox Container: 66df98ed-cee0-4258-9047-9c69a2e6f193"        [_thread_blocked, id=29192, stack(0x0000001664f00000,0x0000001665000000) (1024K)]
  0x000001c85e09b990 JavaThread "Refresh Thread: Equinox Container: 66df98ed-cee0-4258-9047-9c69a2e6f193" daemon [_thread_blocked, id=2908, stack(0x0000001665100000,0x0000001665200000) (1024K)]
  0x000001c85e09d550 JavaThread "Framework Event Dispatcher: Equinox Container: 66df98ed-cee0-4258-9047-9c69a2e6f193" daemon [_thread_blocked, id=32024, stack(0x0000001665200000,0x0000001665300000) (1024K)]
  0x000001c85e181b10 JavaThread "Start Level: Equinox Container: 66df98ed-cee0-4258-9047-9c69a2e6f193" daemon [_thread_blocked, id=29508, stack(0x0000001665300000,0x0000001665400000) (1024K)]
  0x000001c85e7fdef0 JavaThread "Bundle File Closer"         daemon [_thread_blocked, id=32204, stack(0x0000001665500000,0x0000001665600000) (1024K)]
  0x000001c85e169b90 JavaThread "SCR Component Actor"        daemon [_thread_blocked, id=7832, stack(0x0000001665400000,0x0000001665500000) (1024K)]
  0x000001c859545730 JavaThread "Worker-JM"                         [_thread_blocked, id=31728, stack(0x0000001665800000,0x0000001665900000) (1024K)]
  0x000001c859547800 JavaThread "JNA Cleaner"                daemon [_thread_blocked, id=27440, stack(0x0000001665900000,0x0000001665a00000) (1024K)]
  0x000001c859546450 JavaThread "Java indexing"              daemon [_thread_blocked, id=33764, stack(0x0000001665d00000,0x0000001665e00000) (1024K)]
  0x000001c860af9580 JavaThread "Thread-2"                   daemon [_thread_in_native, id=3020, stack(0x0000001666400000,0x0000001666500000) (1024K)]
  0x000001c860af7b40 JavaThread "Thread-3"                   daemon [_thread_in_native, id=23832, stack(0x0000001666500000,0x0000001666600000) (1024K)]
  0x000001c860af9c10 JavaThread "Thread-4"                   daemon [_thread_in_native, id=33224, stack(0x0000001666600000,0x0000001666700000) (1024K)]
  0x000001c860af8ef0 JavaThread "Thread-5"                   daemon [_thread_in_native, id=22556, stack(0x0000001666700000,0x0000001666800000) (1024K)]
  0x000001c860af81d0 JavaThread "Thread-6"                   daemon [_thread_in_native, id=24892, stack(0x0000001666800000,0x0000001666900000) (1024K)]
  0x000001c860afa2a0 JavaThread "Thread-7"                   daemon [_thread_in_native, id=27616, stack(0x0000001666900000,0x0000001666a00000) (1024K)]
  0x000001c860af74b0 JavaThread "Thread-8"                   daemon [_thread_in_native, id=22772, stack(0x0000001666a00000,0x0000001666b00000) (1024K)]
  0x000001c860afb650 JavaThread "Thread-9"                   daemon [_thread_in_native, id=32404, stack(0x0000001666b00000,0x0000001666c00000) (1024K)]
  0x000001c860afc370 JavaThread "Thread-10"                  daemon [_thread_in_native, id=18144, stack(0x0000001666c00000,0x0000001666d00000) (1024K)]
  0x000001c860afca00 JavaThread "pool-2-thread-1"                   [_thread_blocked, id=29844, stack(0x0000001666d00000,0x0000001666e00000) (1024K)]
  0x000001c860afd090 JavaThread "WorkspaceEventsHandler"            [_thread_blocked, id=33164, stack(0x0000001666e00000,0x0000001666f00000) (1024K)]
  0x000001c860afd720 JavaThread "pool-1-thread-1"                   [_thread_blocked, id=32092, stack(0x0000001666f00000,0x0000001667000000) (1024K)]
  0x000001c861ab4900 JavaThread "Cleaner-0"                  daemon [_thread_blocked, id=28868, stack(0x0000001668d00000,0x0000001668e00000) (1024K)]
  0x000001c861ab3550 JavaThread "Worker-6"                          [_thread_blocked, id=38268, stack(0x0000001663900000,0x0000001663a00000) (1024K)]
  0x000001c861ab7060 JavaThread "Worker-7"                          [_thread_blocked, id=35724, stack(0x0000001666100000,0x0000001666200000) (1024K)]
Total: 35

Other Threads:
  0x000001c8169a2660 VMThread "VM Thread"                           [id=34444, stack(0x0000001663e00000,0x0000001663f00000) (1024K)]
  0x000001c87ff583d0 WatcherThread "VM Periodic Task Thread"        [id=29608, stack(0x0000001663d00000,0x0000001663e00000) (1024K)]
  0x000001c87ff0ade0 WorkerThread "GC Thread#0"                     [id=16088, stack(0x0000001663c00000,0x0000001663d00000) (1024K)]
  0x000001c85965b480 WorkerThread "GC Thread#1"                     [id=20604, stack(0x0000001664900000,0x0000001664a00000) (1024K)]
  0x000001c85965bc20 WorkerThread "GC Thread#2"                     [id=33616, stack(0x0000001664a00000,0x0000001664b00000) (1024K)]
  0x000001c85e22d260 WorkerThread "GC Thread#3"                     [id=9500, stack(0x0000001664b00000,0x0000001664c00000) (1024K)]
  0x000001c85e22d600 WorkerThread "GC Thread#4"                     [id=29924, stack(0x0000001664c00000,0x0000001664d00000) (1024K)]
  0x000001c85e22d9a0 WorkerThread "GC Thread#5"                     [id=29708, stack(0x0000001664d00000,0x0000001664e00000) (1024K)]
  0x000001c85e20a250 WorkerThread "GC Thread#6"                     [id=34432, stack(0x0000001664e00000,0x0000001664f00000) (1024K)]
  0x000001c85e700f20 WorkerThread "GC Thread#7"                     [id=19424, stack(0x0000001665000000,0x0000001665100000) (1024K)]
Total: 10

Threads with active compile tasks:
Total: 0

VM state: not at safepoint (normal execution)

VM Mutex/Monitor currently owned by a thread: None

Heap address: 0x0000000080000000, size: 2048 MB, Compressed Oops mode: 32-bit

CDS archive(s) mapped at: [0x000001c817000000-0x000001c817ba0000-0x000001c817ba0000), size 12189696, SharedBaseAddress: 0x000001c817000000, ArchiveRelocationMode: 1.
Compressed class space mapped at: 0x000001c818000000-0x000001c858000000, reserved size: 1073741824
Narrow klass base: 0x000001c817000000, Narrow klass shift: 0, Narrow klass range: 0x100000000

GC Precious Log:
 CardTable entry size: 512
 CPUs: 8 total, 8 available
 Memory: 14222M
 Large Page Support: Disabled
 NUMA Support: Disabled
 Compressed Oops: Enabled (32-bit)
 Alignments: Space 512K, Generation 512K, Heap 2M
 Heap Min Capacity: 100M
 Heap Initial Capacity: 100M
 Heap Max Capacity: 2G
 Pre-touch: Disabled
 Parallel Workers: 8

Heap:
 PSYoungGen      total 2560K, used 1802K [0x00000000d5580000, 0x00000000d5980000, 0x0000000100000000)
  eden space 2048K, 78% used [0x00000000d5580000,0x00000000d57128b0,0x00000000d5780000)
  from space 512K, 37% used [0x00000000d5880000,0x00000000d58b0000,0x00000000d5900000)
  to   space 512K, 0% used [0x00000000d5900000,0x00000000d5900000,0x00000000d5980000)
 ParOldGen       total 589312K, used 149395K [0x0000000080000000, 0x00000000a3f80000, 0x00000000d5580000)
  object space 589312K, 25% used [0x0000000080000000,0x00000000891e4e20,0x00000000a3f80000)
 Metaspace       used 75086K, committed 76672K, reserved 1179648K
  class space    used 7591K, committed 8320K, reserved 1048576K

Card table byte_map: [0x000001c87f890000,0x000001c87fca0000] _byte_map_base: 0x000001c87f490000

Marking Bits: (ParMarkBitMap*) 0x00007ff8c9e2a340
 Begin Bits: [0x000001c8123e0000, 0x000001c8143e0000)
 End Bits:   [0x000001c8143e0000, 0x000001c8163e0000)

Polling page: 0x000001c87dcd0000

Metaspace:

Usage:
  Non-class:     65.91 MB used.
      Class:      7.41 MB used.
       Both:     73.33 MB used.

Virtual space:
  Non-class space:      128.00 MB reserved,      66.75 MB ( 52%) committed,  2 nodes.
      Class space:        1.00 GB reserved,       8.12 MB ( <1%) committed,  1 nodes.
             Both:        1.12 GB reserved,      74.88 MB (  6%) committed. 

Chunk freelists:
   Non-Class:  12.88 MB
       Class:  7.88 MB
        Both:  20.76 MB

MaxMetaspaceSize: unlimited
CompressedClassSpaceSize: 1.00 GB
Initial GC threshold: 21.00 MB
Current GC threshold: 124.62 MB
CDS: on
 - commit_granule_bytes: 65536.
 - commit_granule_words: 8192.
 - virtual_space_node_default_size: 8388608.
 - enlarge_chunks_in_place: 1.
 - use_allocation_guard: 0.


Internal statistics:

num_allocs_failed_limit: 9.
num_arena_births: 1322.
num_arena_deaths: 382.
num_vsnodes_births: 3.
num_vsnodes_deaths: 0.
num_space_committed: 1198.
num_space_uncommitted: 0.
num_chunks_returned_to_freelist: 425.
num_chunks_taken_from_freelist: 4728.
num_chunk_merges: 119.
num_chunk_splits: 2891.
num_chunks_enlarged: 1673.
num_inconsistent_stats: 0.

CodeHeap 'non-profiled nmethods': size=120000Kb used=12214Kb max_used=12214Kb free=107785Kb
 bounds [0x000001c80ac00000, 0x000001c80b7f0000, 0x000001c812130000]
CodeHeap 'profiled nmethods': size=120000Kb used=36254Kb max_used=37144Kb free=83745Kb
 bounds [0x000001c803130000, 0x000001c8055a0000, 0x000001c80a660000]
CodeHeap 'non-nmethods': size=5760Kb used=1515Kb max_used=1611Kb free=4244Kb
 bounds [0x000001c80a660000, 0x000001c80a8d0000, 0x000001c80ac00000]
CodeCache: size=245760Kb, used=49983Kb, max_used=50969Kb, free=195774Kb
 total_blobs=15194, nmethods=14365, adapters=729, full_count=0
Compilation: enabled, stopped_count=0, restarted_count=0

Compilation events (20 events):
Event: 343335.026 Thread 0x000001c8169c62d0 16082       3       java.lang.invoke.LambdaForm$DMH/0x000001c818226c00::newInvokeSpecial (30 bytes)
Event: 343335.035 Thread 0x000001c8169c62d0 nmethod 16082 0x000001c803b15710 code [0x000001c803b15900, 0x000001c803b15ec8]
Event: 346483.489 Thread 0x000001c8169c62d0 16083       3       org.eclipse.core.runtime.jobs.Job::getName (5 bytes)
Event: 346483.522 Thread 0x000001c8169c62d0 nmethod 16083 0x000001c803bea190 code [0x000001c803bea320, 0x000001c803bea440]
Event: 348922.761 Thread 0x000001c8169c62d0 16084       3       org.eclipse.core.internal.jobs.JobManager::validateRule (133 bytes)
Event: 348922.838 Thread 0x000001c8169c62d0 nmethod 16084 0x000001c803e28f10 code [0x000001c803e29240, 0x000001c803e2a608]
Event: 349610.165 Thread 0x000001c8169ae590 16086   !   4       org.eclipse.jdt.ls.core.internal.ParentProcessWatcher::parentProcessStillRunning (492 bytes)
Event: 349610.326 Thread 0x000001c8169ae590 nmethod 16086 0x000001c80b7eca10 code [0x000001c80b7ecc20, 0x000001c80b7ed058]
Event: 349822.766 Thread 0x000001c8169c62d0 16087   !   3       org.eclipse.core.internal.jobs.LockManager::addLockThread (53 bytes)
Event: 349822.781 Thread 0x000001c8169c62d0 nmethod 16087 0x000001c803dbbd90 code [0x000001c803dbbfa0, 0x000001c803dbc408]
Event: 350662.868 Thread 0x000001c8169c62d0 16088   !   3       org.eclipse.core.internal.jobs.WorkerPool::startJob (345 bytes)
Event: 350662.920 Thread 0x000001c8169c62d0 nmethod 16088 0x000001c803f8d690 code [0x000001c803f8dc20, 0x000001c803f90730]
Event: 351082.844 Thread 0x000001c8169ae590 16089       4       org.eclipse.core.internal.jobs.JobManager::now (16 bytes)
Event: 351082.853 Thread 0x000001c8169ae590 nmethod 16089 0x000001c80b7ed490 code [0x000001c80b7ed620, 0x000001c80b7ed758]
Event: 366691.503 Thread 0x000001c8169c62d0 16090       3       org.eclipse.core.internal.jobs.JobQueue::enqueue (83 bytes)
Event: 366691.572 Thread 0x000001c8169c62d0 nmethod 16090 0x000001c803dc4010 code [0x000001c803dc4260, 0x000001c803dc4b00]
Event: 367591.514 Thread 0x000001c8169c62d0 16091   !   3       org.eclipse.core.internal.jobs.LockManager::removeLockThread (53 bytes)
Event: 367591.524 Thread 0x000001c8169c62d0 nmethod 16091 0x000001c803d07a10 code [0x000001c803d07c20, 0x000001c803d08088]
Event: 368491.531 Thread 0x000001c8169c62d0 16092       3       org.eclipse.core.internal.jobs.InternalJob::isAboutToRunCanceled (15 bytes)
Event: 368491.533 Thread 0x000001c8169c62d0 nmethod 16092 0x000001c803e4aa10 code [0x000001c803e4abc0, 0x000001c803e4ad38]

GC Heap History (20 events):
Event: 287261.513 GC heap before
{Heap before GC invocations=678 (full 4):
 PSYoungGen      total 2048K, used 2048K [0x00000000d5580000, 0x00000000d5900000, 0x0000000100000000)
  eden space 1536K, 100% used [0x00000000d5580000,0x00000000d5700000,0x00000000d5700000)
  from space 512K, 100% used [0x00000000d5780000,0x00000000d5800000,0x00000000d5800000)
  to   space 1024K, 0% used [0x00000000d5800000,0x00000000d5800000,0x00000000d5900000)
 ParOldGen       total 589312K, used 146095K [0x0000000080000000, 0x00000000a3f80000, 0x00000000d5580000)
  object space 589312K, 24% used [0x0000000080000000,0x0000000088eabf50,0x00000000a3f80000)
 Metaspace       used 75023K, committed 76608K, reserved 1179648K
  class space    used 7589K, committed 8320K, reserved 1048576K
}
Event: 287261.517 GC heap after
{Heap after GC invocations=678 (full 4):
 PSYoungGen      total 2560K, used 608K [0x00000000d5580000, 0x00000000d5900000, 0x0000000100000000)
  eden space 1536K, 0% used [0x00000000d5580000,0x00000000d5580000,0x00000000d5700000)
  from space 1024K, 59% used [0x00000000d5800000,0x00000000d5898000,0x00000000d5900000)
  to   space 1024K, 0% used [0x00000000d5700000,0x00000000d5700000,0x00000000d5800000)
 ParOldGen       total 589312K, used 146523K [0x0000000080000000, 0x00000000a3f80000, 0x00000000d5580000)
  object space 589312K, 24% used [0x0000000080000000,0x0000000088f16f60,0x00000000a3f80000)
 Metaspace       used 75023K, committed 76608K, reserved 1179648K
  class space    used 7589K, committed 8320K, reserved 1048576K
}
Event: 287261.526 GC heap before
{Heap before GC invocations=679 (full 4):
 PSYoungGen      total 2560K, used 2144K [0x00000000d5580000, 0x00000000d5900000, 0x0000000100000000)
  eden space 1536K, 100% used [0x00000000d5580000,0x00000000d5700000,0x00000000d5700000)
  from space 1024K, 59% used [0x00000000d5800000,0x00000000d5898000,0x00000000d5900000)
  to   space 1024K, 0% used [0x00000000d5700000,0x00000000d5700000,0x00000000d5800000)
 ParOldGen       total 589312K, used 146523K [0x0000000080000000, 0x00000000a3f80000, 0x00000000d5580000)
  object space 589312K, 24% used [0x0000000080000000,0x0000000088f16f60,0x00000000a3f80000)
 Metaspace       used 75023K, committed 76608K, reserved 1179648K
  class space    used 7589K, committed 8320K, reserved 1048576K
}
Event: 287261.529 GC heap after
{Heap after GC invocations=679 (full 4):
 PSYoungGen      total 2560K, used 432K [0x00000000d5580000, 0x00000000d5880000, 0x0000000100000000)
  eden space 1536K, 0% used [0x00000000d5580000,0x00000000d5580000,0x00000000d5700000)
  from space 1024K, 42% used [0x00000000d5700000,0x00000000d576c010,0x00000000d5800000)
  to   space 512K, 0% used [0x00000000d5800000,0x00000000d5800000,0x00000000d5880000)
 ParOldGen       total 589312K, used 146891K [0x0000000080000000, 0x00000000a3f80000, 0x00000000d5580000)
  object space 589312K, 24% used [0x0000000080000000,0x0000000088f72f60,0x00000000a3f80000)
 Metaspace       used 75023K, committed 76608K, reserved 1179648K
  class space    used 7589K, committed 8320K, reserved 1048576K
}
Event: 287261.536 GC heap before
{Heap before GC invocations=680 (full 4):
 PSYoungGen      total 2560K, used 1968K [0x00000000d5580000, 0x00000000d5880000, 0x0000000100000000)
  eden space 1536K, 100% used [0x00000000d5580000,0x00000000d5700000,0x00000000d5700000)
  from space 1024K, 42% used [0x00000000d5700000,0x00000000d576c010,0x00000000d5800000)
  to   space 512K, 0% used [0x00000000d5800000,0x00000000d5800000,0x00000000d5880000)
 ParOldGen       total 589312K, used 146891K [0x0000000080000000, 0x00000000a3f80000, 0x00000000d5580000)
  object space 589312K, 24% used [0x0000000080000000,0x0000000088f72f60,0x00000000a3f80000)
 Metaspace       used 75023K, committed 76608K, reserved 1179648K
  class space    used 7589K, committed 8320K, reserved 1048576K
}
Event: 287261.538 GC heap after
{Heap after GC invocations=680 (full 4):
 PSYoungGen      total 2560K, used 496K [0x00000000d5580000, 0x00000000d5880000, 0x0000000100000000)
  eden space 2048K, 0% used [0x00000000d5580000,0x00000000d5580000,0x00000000d5780000)
  from space 512K, 96% used [0x00000000d5800000,0x00000000d587c010,0x00000000d5880000)
  to   space 512K, 0% used [0x00000000d5780000,0x00000000d5780000,0x00000000d5800000)
 ParOldGen       total 589312K, used 147053K [0x0000000080000000, 0x00000000a3f80000, 0x00000000d5580000)
  object space 589312K, 24% used [0x0000000080000000,0x0000000088f9b4b0,0x00000000a3f80000)
 Metaspace       used 75023K, committed 76608K, reserved 1179648K
  class space    used 7589K, committed 8320K, reserved 1048576K
}
Event: 287261.550 GC heap before
{Heap before GC invocations=681 (full 4):
 PSYoungGen      total 2560K, used 2544K [0x00000000d5580000, 0x00000000d5880000, 0x0000000100000000)
  eden space 2048K, 100% used [0x00000000d5580000,0x00000000d5780000,0x00000000d5780000)
  from space 512K, 96% used [0x00000000d5800000,0x00000000d587c010,0x00000000d5880000)
  to   space 512K, 0% used [0x00000000d5780000,0x00000000d5780000,0x00000000d5800000)
 ParOldGen       total 589312K, used 147053K [0x0000000080000000, 0x00000000a3f80000, 0x00000000d5580000)
  object space 589312K, 24% used [0x0000000080000000,0x0000000088f9b4b0,0x00000000a3f80000)
 Metaspace       used 75025K, committed 76608K, reserved 1179648K
  class space    used 7589K, committed 8320K, reserved 1048576K
}
Event: 287261.553 GC heap after
{Heap after GC invocations=681 (full 4):
 PSYoungGen      total 2560K, used 512K [0x00000000d5580000, 0x00000000d5b00000, 0x0000000100000000)
  eden space 2048K, 0% used [0x00000000d5580000,0x00000000d5580000,0x00000000d5780000)
  from space 512K, 100% used [0x00000000d5780000,0x00000000d5800000,0x00000000d5800000)
  to   space 1536K, 0% used [0x00000000d5980000,0x00000000d5980000,0x00000000d5b00000)
 ParOldGen       total 589312K, used 147550K [0x0000000080000000, 0x00000000a3f80000, 0x00000000d5580000)
  object space 589312K, 25% used [0x0000000080000000,0x0000000089017950,0x00000000a3f80000)
 Metaspace       used 75025K, committed 76608K, reserved 1179648K
  class space    used 7589K, committed 8320K, reserved 1048576K
}
Event: 287261.571 GC heap before
{Heap before GC invocations=682 (full 4):
 PSYoungGen      total 2560K, used 2560K [0x00000000d5580000, 0x00000000d5b00000, 0x0000000100000000)
  eden space 2048K, 100% used [0x00000000d5580000,0x00000000d5780000,0x00000000d5780000)
  from space 512K, 100% used [0x00000000d5780000,0x00000000d5800000,0x00000000d5800000)
  to   space 1536K, 0% used [0x00000000d5980000,0x00000000d5980000,0x00000000d5b00000)
 ParOldGen       total 589312K, used 147550K [0x0000000080000000, 0x00000000a3f80000, 0x00000000d5580000)
  object space 589312K, 25% used [0x0000000080000000,0x0000000089017950,0x00000000a3f80000)
 Metaspace       used 75041K, committed 76672K, reserved 1179648K
  class space    used 7589K, committed 8320K, reserved 1048576K
}
Event: 287261.574 GC heap after
{Heap after GC invocations=682 (full 4):
 PSYoungGen      total 3072K, used 688K [0x00000000d5580000, 0x00000000d5a80000, 0x0000000100000000)
  eden space 2048K, 0% used [0x00000000d5580000,0x00000000d5580000,0x00000000d5780000)
  from space 1024K, 67% used [0x00000000d5980000,0x00000000d5a2c010,0x00000000d5a80000)
  to   space 1024K, 0% used [0x00000000d5880000,0x00000000d5880000,0x00000000d5980000)
 ParOldGen       total 589312K, used 148066K [0x0000000080000000, 0x00000000a3f80000, 0x00000000d5580000)
  object space 589312K, 25% used [0x0000000080000000,0x0000000089098960,0x00000000a3f80000)
 Metaspace       used 75041K, committed 76672K, reserved 1179648K
  class space    used 7589K, committed 8320K, reserved 1048576K
}
Event: 287261.599 GC heap before
{Heap before GC invocations=683 (full 4):
 PSYoungGen      total 3072K, used 2736K [0x00000000d5580000, 0x00000000d5a80000, 0x0000000100000000)
  eden space 2048K, 100% used [0x00000000d5580000,0x00000000d5780000,0x00000000d5780000)
  from space 1024K, 67% used [0x00000000d5980000,0x00000000d5a2c010,0x00000000d5a80000)
  to   space 1024K, 0% used [0x00000000d5880000,0x00000000d5880000,0x00000000d5980000)
 ParOldGen       total 589312K, used 148066K [0x0000000080000000, 0x00000000a3f80000, 0x00000000d5580000)
  object space 589312K, 25% used [0x0000000080000000,0x0000000089098960,0x00000000a3f80000)
 Metaspace       used 75041K, committed 76672K, reserved 1179648K
  class space    used 7589K, committed 8320K, reserved 1048576K
}
Event: 287261.600 GC heap after
{Heap after GC invocations=683 (full 4):
 PSYoungGen      total 3072K, used 288K [0x00000000d5580000, 0x00000000d5a00000, 0x0000000100000000)
  eden space 2048K, 0% used [0x00000000d5580000,0x00000000d5580000,0x00000000d5780000)
  from space 1024K, 28% used [0x00000000d5880000,0x00000000d58c8000,0x00000000d5980000)
  to   space 512K, 0% used [0x00000000d5980000,0x00000000d5980000,0x00000000d5a00000)
 ParOldGen       total 589312K, used 148214K [0x0000000080000000, 0x00000000a3f80000, 0x00000000d5580000)
  object space 589312K, 25% used [0x0000000080000000,0x00000000890bdbe0,0x00000000a3f80000)
 Metaspace       used 75041K, committed 76672K, reserved 1179648K
  class space    used 7589K, committed 8320K, reserved 1048576K
}
Event: 287261.621 GC heap before
{Heap before GC invocations=684 (full 4):
 PSYoungGen      total 3072K, used 2335K [0x00000000d5580000, 0x00000000d5a00000, 0x0000000100000000)
  eden space 2048K, 99% used [0x00000000d5580000,0x00000000d577ffd8,0x00000000d5780000)
  from space 1024K, 28% used [0x00000000d5880000,0x00000000d58c8000,0x00000000d5980000)
  to   space 512K, 0% used [0x00000000d5980000,0x00000000d5980000,0x00000000d5a00000)
 ParOldGen       total 589312K, used 148214K [0x0000000080000000, 0x00000000a3f80000, 0x00000000d5580000)
  object space 589312K, 25% used [0x0000000080000000,0x00000000890bdbe0,0x00000000a3f80000)
 Metaspace       used 75042K, committed 76672K, reserved 1179648K
  class space    used 7589K, committed 8320K, reserved 1048576K
}
Event: 287261.625 GC heap after
{Heap after GC invocations=684 (full 4):
 PSYoungGen      total 2560K, used 496K [0x00000000d5580000, 0x00000000d5a80000, 0x0000000100000000)
  eden space 2048K, 0% used [0x00000000d5580000,0x00000000d5580000,0x00000000d5780000)
  from space 512K, 96% used [0x00000000d5980000,0x00000000d59fc010,0x00000000d5a00000)
  to   space 1536K, 0% used [0x00000000d5780000,0x00000000d5780000,0x00000000d5900000)
 ParOldGen       total 589312K, used 148707K [0x0000000080000000, 0x00000000a3f80000, 0x00000000d5580000)
  object space 589312K, 25% used [0x0000000080000000,0x0000000089138e10,0x00000000a3f80000)
 Metaspace       used 75042K, committed 76672K, reserved 1179648K
  class space    used 7589K, committed 8320K, reserved 1048576K
}
Event: 287272.097 GC heap before
{Heap before GC invocations=685 (full 4):
 PSYoungGen      total 2560K, used 2544K [0x00000000d5580000, 0x00000000d5a80000, 0x0000000100000000)
  eden space 2048K, 100% used [0x00000000d5580000,0x00000000d5780000,0x00000000d5780000)
  from space 512K, 96% used [0x00000000d5980000,0x00000000d59fc010,0x00000000d5a00000)
  to   space 1536K, 0% used [0x00000000d5780000,0x00000000d5780000,0x00000000d5900000)
 ParOldGen       total 589312K, used 148707K [0x0000000080000000, 0x00000000a3f80000, 0x00000000d5580000)
  object space 589312K, 25% used [0x0000000080000000,0x0000000089138e10,0x00000000a3f80000)
 Metaspace       used 75051K, committed 76672K, reserved 1179648K
  class space    used 7589K, committed 8320K, reserved 1048576K
}
Event: 287272.102 GC heap after
{Heap after GC invocations=685 (full 4):
 PSYoungGen      total 3584K, used 352K [0x00000000d5580000, 0x00000000d5a00000, 0x0000000100000000)
  eden space 2048K, 0% used [0x00000000d5580000,0x00000000d5580000,0x00000000d5780000)
  from space 1536K, 22% used [0x00000000d5780000,0x00000000d57d8000,0x00000000d5900000)
  to   space 1024K, 0% used [0x00000000d5900000,0x00000000d5900000,0x00000000d5a00000)
 ParOldGen       total 589312K, used 149259K [0x0000000080000000, 0x00000000a3f80000, 0x00000000d5580000)
  object space 589312K, 25% used [0x0000000080000000,0x00000000891c2e20,0x00000000a3f80000)
 Metaspace       used 75051K, committed 76672K, reserved 1179648K
  class space    used 7589K, committed 8320K, reserved 1048576K
}
Event: 287273.978 GC heap before
{Heap before GC invocations=686 (full 4):
 PSYoungGen      total 3584K, used 2400K [0x00000000d5580000, 0x00000000d5a00000, 0x0000000100000000)
  eden space 2048K, 100% used [0x00000000d5580000,0x00000000d5780000,0x00000000d5780000)
  from space 1536K, 22% used [0x00000000d5780000,0x00000000d57d8000,0x00000000d5900000)
  to   space 1024K, 0% used [0x00000000d5900000,0x00000000d5900000,0x00000000d5a00000)
 ParOldGen       total 589312K, used 149259K [0x0000000080000000, 0x00000000a3f80000, 0x00000000d5580000)
  object space 589312K, 25% used [0x0000000080000000,0x00000000891c2e20,0x00000000a3f80000)
 Metaspace       used 75062K, committed 76672K, reserved 1179648K
  class space    used 7591K, committed 8320K, reserved 1048576K
}
Event: 287273.980 GC heap after
{Heap after GC invocations=686 (full 4):
 PSYoungGen      total 2560K, used 192K [0x00000000d5580000, 0x00000000d5980000, 0x0000000100000000)
  eden space 2048K, 0% used [0x00000000d5580000,0x00000000d5580000,0x00000000d5780000)
  from space 512K, 37% used [0x00000000d5900000,0x00000000d5930000,0x00000000d5980000)
  to   space 512K, 0% used [0x00000000d5880000,0x00000000d5880000,0x00000000d5900000)
 ParOldGen       total 589312K, used 149363K [0x0000000080000000, 0x00000000a3f80000, 0x00000000d5580000)
  object space 589312K, 25% used [0x0000000080000000,0x00000000891dce20,0x00000000a3f80000)
 Metaspace       used 75062K, committed 76672K, reserved 1179648K
  class space    used 7591K, committed 8320K, reserved 1048576K
}
Event: 339734.439 GC heap before
{Heap before GC invocations=687 (full 4):
 PSYoungGen      total 2560K, used 2239K [0x00000000d5580000, 0x00000000d5980000, 0x0000000100000000)
  eden space 2048K, 99% used [0x00000000d5580000,0x00000000d577ffe8,0x00000000d5780000)
  from space 512K, 37% used [0x00000000d5900000,0x00000000d5930000,0x00000000d5980000)
  to   space 512K, 0% used [0x00000000d5880000,0x00000000d5880000,0x00000000d5900000)
 ParOldGen       total 589312K, used 149363K [0x0000000080000000, 0x00000000a3f80000, 0x00000000d5580000)
  object space 589312K, 25% used [0x0000000080000000,0x00000000891dce20,0x00000000a3f80000)
 Metaspace       used 75067K, committed 76672K, reserved 1179648K
  class space    used 7591K, committed 8320K, reserved 1048576K
}
Event: 339734.652 GC heap after
{Heap after GC invocations=687 (full 4):
 PSYoungGen      total 2560K, used 192K [0x00000000d5580000, 0x00000000d5980000, 0x0000000100000000)
  eden space 2048K, 0% used [0x00000000d5580000,0x00000000d5580000,0x00000000d5780000)
  from space 512K, 37% used [0x00000000d5880000,0x00000000d58b0000,0x00000000d5900000)
  to   space 512K, 0% used [0x00000000d5900000,0x00000000d5900000,0x00000000d5980000)
 ParOldGen       total 589312K, used 149395K [0x0000000080000000, 0x00000000a3f80000, 0x00000000d5580000)
  object space 589312K, 25% used [0x0000000080000000,0x00000000891e4e20,0x00000000a3f80000)
 Metaspace       used 75067K, committed 76672K, reserved 1179648K
  class space    used 7591K, committed 8320K, reserved 1048576K
}

Dll operation events (12 events):
Event: 0.029 Loaded shared library c:\Users\steve\.vscode\extensions\redhat.java-1.44.0-win32-x64\jre\21.0.8-win32-x86_64\bin\java.dll
Event: 0.178 Loaded shared library c:\Users\steve\.vscode\extensions\redhat.java-1.44.0-win32-x64\jre\21.0.8-win32-x86_64\bin\zip.dll
Event: 0.224 Loaded shared library C:\Users\steve\.vscode\extensions\redhat.java-1.44.0-win32-x64\jre\21.0.8-win32-x86_64\bin\instrument.dll
Event: 0.240 Loaded shared library C:\Users\steve\.vscode\extensions\redhat.java-1.44.0-win32-x64\jre\21.0.8-win32-x86_64\bin\net.dll
Event: 0.249 Loaded shared library C:\Users\steve\.vscode\extensions\redhat.java-1.44.0-win32-x64\jre\21.0.8-win32-x86_64\bin\nio.dll
Event: 0.256 Loaded shared library C:\Users\steve\.vscode\extensions\redhat.java-1.44.0-win32-x64\jre\21.0.8-win32-x86_64\bin\zip.dll
Event: 0.301 Loaded shared library C:\Users\steve\.vscode\extensions\redhat.java-1.44.0-win32-x64\jre\21.0.8-win32-x86_64\bin\jimage.dll
Event: 0.593 Loaded shared library c:\Users\steve\.vscode\extensions\redhat.java-1.44.0-win32-x64\jre\21.0.8-win32-x86_64\bin\verify.dll
Event: 9.805 Loaded shared library C:\Users\steve\AppData\Roaming\Code\User\globalStorage\redhat.java\1.44.0\config_win\org.eclipse.equinox.launcher\org.eclipse.equinox.launcher.win32.win32.x86_64_1.2.1400.v20250730-1736\eclipse_11913.dll
Event: 28.011 Loaded shared library C:\Users\steve\AppData\Local\Temp\jna-109761491\jna463160109056570265.dll
Event: 30.168 Loaded shared library C:\Users\steve\.vscode\extensions\redhat.java-1.44.0-win32-x64\jre\21.0.8-win32-x86_64\bin\sunmscapi.dll
Event: 30.283 Loaded shared library C:\Users\steve\.vscode\extensions\redhat.java-1.44.0-win32-x64\jre\21.0.8-win32-x86_64\bin\extnet.dll

Deoptimization events (20 events):
Event: 287272.093 Thread 0x000001c861ab2ec0 Uncommon trap: trap_request=0xffffffde fr.pc=0x000001c80b736574 relative=0x0000000000000514
Event: 287272.093 Thread 0x000001c861ab2ec0 Uncommon trap: reason=class_check action=maybe_recompile pc=0x000001c80b736574 method=org.eclipse.jdt.internal.compiler.parser.Parser.consumeMethodHeaderRightParen()V @ 63 c2
Event: 287272.093 Thread 0x000001c861ab2ec0 DEOPT PACKING pc=0x000001c80b736574 sp=0x00000016656fe320
Event: 287272.093 Thread 0x000001c861ab2ec0 DEOPT UNPACKING pc=0x000001c80a6b3aa2 sp=0x00000016656fe2d0 mode 2
Event: 287272.095 Thread 0x000001c861ab2ec0 Uncommon trap: trap_request=0xffffffde fr.pc=0x000001c80b59df68 relative=0x0000000000000f48
Event: 287272.095 Thread 0x000001c861ab2ec0 Uncommon trap: reason=class_check action=maybe_recompile pc=0x000001c80b59df68 method=lombok.eclipse.EclipseNode.traverse(Llombok/eclipse/EclipseASTVisitor;)V @ 315 c2
Event: 287272.095 Thread 0x000001c861ab2ec0 DEOPT PACKING pc=0x000001c80b59df68 sp=0x00000016656fdc40
Event: 287272.095 Thread 0x000001c861ab2ec0 DEOPT UNPACKING pc=0x000001c80a6b3aa2 sp=0x00000016656fdbd8 mode 2
Event: 287272.095 Thread 0x000001c861ab2ec0 Uncommon trap: trap_request=0xffffffde fr.pc=0x000001c80b59df68 relative=0x0000000000000f48
Event: 287272.095 Thread 0x000001c861ab2ec0 Uncommon trap: reason=class_check action=maybe_recompile pc=0x000001c80b59df68 method=lombok.eclipse.EclipseNode.traverse(Llombok/eclipse/EclipseASTVisitor;)V @ 315 c2
Event: 287272.095 Thread 0x000001c861ab2ec0 DEOPT PACKING pc=0x000001c80b59df68 sp=0x00000016656fdc40
Event: 287272.095 Thread 0x000001c861ab2ec0 DEOPT UNPACKING pc=0x000001c80a6b3aa2 sp=0x00000016656fdbd8 mode 2
Event: 287272.109 Thread 0x000001c861ab2ec0 Uncommon trap: trap_request=0xfffffff4 fr.pc=0x000001c80b247b8c relative=0x000000000000116c
Event: 287272.109 Thread 0x000001c861ab2ec0 Uncommon trap: reason=null_check action=make_not_entrant pc=0x000001c80b247b8c method=java.lang.invoke.MethodTypeForm.cachedLambdaForm(I)Ljava/lang/invoke/LambdaForm; @ 15 c2
Event: 287272.109 Thread 0x000001c861ab2ec0 DEOPT PACKING pc=0x000001c80b247b8c sp=0x00000016656fda50
Event: 287272.109 Thread 0x000001c861ab2ec0 DEOPT UNPACKING pc=0x000001c80a6b3aa2 sp=0x00000016656fd970 mode 2
Event: 287272.118 Thread 0x000001c861ab2ec0 Uncommon trap: trap_request=0xffffffde fr.pc=0x000001c80b736574 relative=0x0000000000000514
Event: 287272.118 Thread 0x000001c861ab2ec0 Uncommon trap: reason=class_check action=maybe_recompile pc=0x000001c80b736574 method=org.eclipse.jdt.internal.compiler.parser.Parser.consumeMethodHeaderRightParen()V @ 63 c2
Event: 287272.118 Thread 0x000001c861ab2ec0 DEOPT PACKING pc=0x000001c80b736574 sp=0x00000016656fe3b0
Event: 287272.118 Thread 0x000001c861ab2ec0 DEOPT UNPACKING pc=0x000001c80a6b3aa2 sp=0x00000016656fe360 mode 2

Classes loaded (20 events):
Event: 6307.054 Loading class java/util/stream/Nodes$CollectorTask$OfRef
Event: 6307.112 Loading class java/util/stream/Nodes$CollectorTask
Event: 6307.112 Loading class java/util/stream/Nodes$CollectorTask done
Event: 6307.112 Loading class java/util/stream/Nodes$CollectorTask$OfRef done
Event: 6307.112 Loading class java/util/function/LongFunction
Event: 6307.113 Loading class java/util/function/LongFunction done
Event: 6307.113 Loading class java/util/stream/Nodes$ConcNode
Event: 6307.118 Loading class java/util/stream/Nodes$AbstractConcNode
Event: 6307.118 Loading class java/util/stream/Nodes$AbstractConcNode done
Event: 6307.118 Loading class java/util/stream/Nodes$ConcNode done
Event: 6308.456 Loading class java/io/ObjectOutputStream$BlockDataOutputStream
Event: 6309.284 Loading class java/io/ObjectOutputStream$BlockDataOutputStream done
Event: 6309.284 Loading class java/io/ObjectOutputStream$HandleTable
Event: 6309.284 Loading class java/io/ObjectOutputStream$HandleTable done
Event: 6309.284 Loading class java/io/ObjectOutputStream$ReplaceTable
Event: 6309.285 Loading class java/io/ObjectOutputStream$ReplaceTable done
Event: 286943.847 Loading class java/util/concurrent/ConcurrentHashMap$TreeNode
Event: 286943.851 Loading class java/util/concurrent/ConcurrentHashMap$TreeNode done
Event: 286943.856 Loading class java/util/concurrent/ConcurrentHashMap$TreeBin
Event: 286943.869 Loading class java/util/concurrent/ConcurrentHashMap$TreeBin done

Classes unloaded (20 events):
Event: 287212.921 Thread 0x000001c8169a2660 Unloading class 0x000001c818014800 'java/lang/invoke/LambdaForm$MH+0x000001c818014800'
Event: 287212.921 Thread 0x000001c8169a2660 Unloading class 0x000001c81800d800 'java/lang/invoke/LambdaForm$MH+0x000001c81800d800'
Event: 287212.921 Thread 0x000001c8169a2660 Unloading class 0x000001c81800d400 'java/lang/invoke/LambdaForm$MH+0x000001c81800d400'
Event: 287212.921 Thread 0x000001c8169a2660 Unloading class 0x000001c81800d000 'java/lang/invoke/LambdaForm$MH+0x000001c81800d000'
Event: 287212.922 Thread 0x000001c8169a2660 Unloading class 0x000001c81800cc00 'java/lang/invoke/LambdaForm$MH+0x000001c81800cc00'
Event: 287212.922 Thread 0x000001c8169a2660 Unloading class 0x000001c81800c800 'java/lang/invoke/LambdaForm$BMH+0x000001c81800c800'
Event: 287212.922 Thread 0x000001c8169a2660 Unloading class 0x000001c81800c000 'java/lang/invoke/LambdaForm$DMH+0x000001c81800c000'
Event: 287212.925 Thread 0x000001c8169a2660 Unloading class 0x000001c818008c00 'java/lang/invoke/LambdaForm$MH+0x000001c818008c00'
Event: 287212.925 Thread 0x000001c8169a2660 Unloading class 0x000001c818008800 'java/lang/invoke/LambdaForm$MH+0x000001c818008800'
Event: 287212.925 Thread 0x000001c8169a2660 Unloading class 0x000001c818008400 'java/lang/invoke/LambdaForm$MH+0x000001c818008400'
Event: 287212.925 Thread 0x000001c8169a2660 Unloading class 0x000001c818007000 'java/lang/invoke/LambdaForm$MH+0x000001c818007000'
Event: 287212.925 Thread 0x000001c8169a2660 Unloading class 0x000001c818006800 'java/lang/invoke/LambdaForm$MH+0x000001c818006800'
Event: 287212.925 Thread 0x000001c8169a2660 Unloading class 0x000001c818006400 'java/lang/invoke/LambdaForm$MH+0x000001c818006400'
Event: 287212.925 Thread 0x000001c8169a2660 Unloading class 0x000001c818006000 'java/lang/invoke/LambdaForm$MH+0x000001c818006000'
Event: 287212.925 Thread 0x000001c8169a2660 Unloading class 0x000001c818005c00 'java/lang/invoke/LambdaForm$BMH+0x000001c818005c00'
Event: 287212.925 Thread 0x000001c8169a2660 Unloading class 0x000001c818004800 'java/lang/invoke/LambdaForm$DMH+0x000001c818004800'
Event: 287212.925 Thread 0x000001c8169a2660 Unloading class 0x000001c818002400 'java/lang/invoke/LambdaForm$MH+0x000001c818002400'
Event: 287212.925 Thread 0x000001c8169a2660 Unloading class 0x000001c818002000 'java/lang/invoke/LambdaForm$MH+0x000001c818002000'
Event: 287212.925 Thread 0x000001c8169a2660 Unloading class 0x000001c818001800 'java/lang/invoke/LambdaForm$MH+0x000001c818001800'
Event: 287212.925 Thread 0x000001c8169a2660 Unloading class 0x000001c818000400 'java/lang/invoke/LambdaForm$MH+0x000001c818000400'

Classes redefined (0 events):
No events

Internal exceptions (20 events):
Event: 44.945 Thread 0x000001c861ab1480 Exception <a 'sun/nio/fs/WindowsException'{0x00000000d5700fe0}> (0x00000000d5700fe0) 
thrown [s\src\hotspot\share\prims\jni.cpp, line 520]
Event: 45.314 Thread 0x000001c860afd720 Exception <a 'java/lang/IncompatibleClassChangeError'{0x00000000d567ff28}: Found class java.lang.Object, but interface was expected> (0x00000000d567ff28) 
thrown [s\src\hotspot\share\interpreter\linkResolver.cpp, line 840]
Event: 45.329 Thread 0x000001c861ab1b10 Exception <a 'java/lang/ArrayIndexOutOfBoundsException'{0x00000000d55a3d78}> (0x00000000d55a3d78) 
thrown [s\src\hotspot\share\runtime\sharedRuntime.cpp, line 625]
Event: 45.794 Thread 0x000001c861ab3be0 Exception <a 'java/lang/NoSuchMethodError'{0x00000000d55dea60}: 'void java.lang.invoke.DirectMethodHandle$Holder.invokeSpecial(java.lang.Object, java.lang.Object, int)'> (0x00000000d55dea60) 
thrown [s\src\hotspot\share\interpreter\linkResolver.cpp, line 773]
Event: 45.882 Thread 0x000001c861ab3be0 Exception <a 'java/lang/NoSuchMethodError'{0x00000000d59f9600}: 'int java.lang.invoke.DirectMethodHandle$Holder.invokeVirtual(java.lang.Object, java.lang.Object, java.lang.Object, int)'> (0x00000000d59f9600) 
thrown [s\src\hotspot\share\interpreter\linkResolver.cpp, line 773]
Event: 47.627 Thread 0x000001c861ab3be0 Exception <a 'java/lang/NoSuchMethodError'{0x00000000d55e1ab0}: 'java.lang.Object java.lang.invoke.DirectMethodHandle$Holder.invokeStaticInit(java.lang.Object, java.lang.Object, java.lang.Object)'> (0x00000000d55e1ab0) 
thrown [s\src\hotspot\share\interpreter\linkResolver.cpp, line 773]
Event: 60.961 Thread 0x000001c860afd720 Exception <a 'java/lang/IncompatibleClassChangeError'{0x00000000d58644a0}: Found class java.lang.Object, but interface was expected> (0x00000000d58644a0) 
thrown [s\src\hotspot\share\interpreter\linkResolver.cpp, line 840]
Event: 72.652 Thread 0x000001c860afd720 Exception <a 'java/lang/IncompatibleClassChangeError'{0x00000000d5592b88}: Found class java.lang.Object, but interface was expected> (0x00000000d5592b88) 
thrown [s\src\hotspot\share\interpreter\linkResolver.cpp, line 840]
Event: 72.669 Thread 0x000001c861ab1b10 Exception <a 'java/lang/NoSuchMethodError'{0x00000000d5963a28}: 'java.lang.Object java.lang.invoke.DirectMethodHandle$Holder.invokeSpecial(java.lang.Object, java.lang.Object, java.lang.Object, java.lang.Object, int, java.lang.Object, java.lang.Object)'> (0x00000000d5963a28) 
thrown [s\src\hotspot\share\interpreter\linkResolver.cpp, line 773]
Event: 73.781 Thread 0x000001c861ab3be0 Exception <a 'java/lang/ArrayIndexOutOfBoundsException'{0x00000000d59b5480}: Index 14960 out of bounds for length 14959> (0x00000000d59b5480) 
thrown [s\src\hotspot\share\interpreter\interpreterRuntime.cpp, line 439]
Event: 6309.802 Thread 0x000001c859548520 Exception <a 'java/lang/NoSuchMethodError'{0x00000000d57cce18}: 'java.lang.Object java.lang.invoke.DirectMethodHandle$Holder.newInvokeSpecial(java.lang.Object, java.lang.Object, java.lang.Object, java.lang.Object, java.lang.Object, java.lang.Object, java.lang.Object, java.lang.Object)'> (0x00000000d57cce18) 
thrown [s\src\hotspot\share\interpreter\linkResolver.cpp, line 773]
Event: 271974.269 Thread 0x000001c861ab0df0 Implicit null exception at 0x000001c80b4d1eeb to 0x000001c80b4d2365
Event: 287259.201 Thread 0x000001c860afd720 Implicit null exception at 0x000001c80b230ef7 to 0x000001c80b2310a8
Event: 287259.214 Thread 0x000001c860afd720 Implicit null exception at 0x000001c80b1744e7 to 0x000001c80b174678
Event: 287259.247 Thread 0x000001c860afd720 Implicit null exception at 0x000001c80b177edf to 0x000001c80b178050
Event: 287259.265 Thread 0x000001c860afd720 Implicit null exception at 0x000001c80b160013 to 0x000001c80b16005c
Event: 287259.483 Thread 0x000001c862591470 Implicit null exception at 0x000001c80b462798 to 0x000001c80b463be0
Event: 287259.486 Thread 0x000001c862591470 Implicit null exception at 0x000001c80b46c2b5 to 0x000001c80b46c428
Event: 287259.501 Thread 0x000001c862591470 Implicit null exception at 0x000001c80ae94a8e to 0x000001c80ae94b35
Event: 287272.109 Thread 0x000001c861ab2ec0 Implicit null exception at 0x000001c80b246ac8 to 0x000001c80b247b48

ZGC Phase Switch (0 events):
No events

VM Operations (20 events):
Event: 367947.385 Executing VM operation: HandshakeAllThreads (HandshakeForDeflation)
Event: 367947.385 Executing VM operation: HandshakeAllThreads (HandshakeForDeflation) done
Event: 367947.385 Executing VM operation: RendezvousGCThreads
Event: 367947.385 Executing VM operation: RendezvousGCThreads done
Event: 368007.584 Executing VM operation: HandshakeAllThreads (HandshakeForDeflation)
Event: 368007.584 Executing VM operation: HandshakeAllThreads (HandshakeForDeflation) done
Event: 368007.584 Executing VM operation: RendezvousGCThreads
Event: 368007.584 Executing VM operation: RendezvousGCThreads done
Event: 368067.737 Executing VM operation: HandshakeAllThreads (HandshakeForDeflation)
Event: 368067.737 Executing VM operation: HandshakeAllThreads (HandshakeForDeflation) done
Event: 368067.737 Executing VM operation: RendezvousGCThreads
Event: 368067.737 Executing VM operation: RendezvousGCThreads done
Event: 368548.659 Executing VM operation: HandshakeAllThreads (HandshakeForDeflation)
Event: 368548.659 Executing VM operation: HandshakeAllThreads (HandshakeForDeflation) done
Event: 368548.659 Executing VM operation: RendezvousGCThreads
Event: 368548.659 Executing VM operation: RendezvousGCThreads done
Event: 368608.871 Executing VM operation: HandshakeAllThreads (HandshakeForDeflation)
Event: 368608.871 Executing VM operation: HandshakeAllThreads (HandshakeForDeflation) done
Event: 368608.871 Executing VM operation: RendezvousGCThreads
Event: 368608.871 Executing VM operation: RendezvousGCThreads done

Memory protections (0 events):
No events

Nmethod flushes (20 events):
Event: 287213.552 Thread 0x000001c8169a2660 flushing  nmethod 0x000001c803fadf90
Event: 287213.552 Thread 0x000001c8169a2660 flushing  nmethod 0x000001c803fc5490
Event: 287213.552 Thread 0x000001c8169a2660 flushing  nmethod 0x000001c803fcb510
Event: 287213.552 Thread 0x000001c8169a2660 flushing  nmethod 0x000001c803fcba90
Event: 287213.552 Thread 0x000001c8169a2660 flushing  nmethod 0x000001c803fd2110
Event: 287213.552 Thread 0x000001c8169a2660 flushing  nmethod 0x000001c803fd4910
Event: 287213.552 Thread 0x000001c8169a2660 flushing  nmethod 0x000001c803fd4e90
Event: 287213.552 Thread 0x000001c8169a2660 flushing  nmethod 0x000001c803fd6b90
Event: 287213.552 Thread 0x000001c8169a2660 flushing  nmethod 0x000001c803fd9510
Event: 287213.552 Thread 0x000001c8169a2660 flushing  nmethod 0x000001c803fd9910
Event: 287213.552 Thread 0x000001c8169a2660 flushing  nmethod 0x000001c803fdc290
Event: 287213.552 Thread 0x000001c8169a2660 flushing  nmethod 0x000001c803fde210
Event: 287213.552 Thread 0x000001c8169a2660 flushing  nmethod 0x000001c803ffa710
Event: 287213.552 Thread 0x000001c8169a2660 flushing  nmethod 0x000001c804001790
Event: 287213.552 Thread 0x000001c8169a2660 flushing  nmethod 0x000001c804002e90
Event: 287213.552 Thread 0x000001c8169a2660 flushing  nmethod 0x000001c804004b10
Event: 287213.552 Thread 0x000001c8169a2660 flushing  nmethod 0x000001c8040aa690
Event: 287213.552 Thread 0x000001c8169a2660 flushing  nmethod 0x000001c8040ad290
Event: 287213.552 Thread 0x000001c8169a2660 flushing  nmethod 0x000001c80412cc10
Event: 287213.552 Thread 0x000001c8169a2660 flushing  nmethod 0x000001c80412d910

Events (20 events):
Event: 287222.090 Thread 0x000001c8169c62d0 Thread added: 0x000001c85e7c9360
Event: 287227.561 Thread 0x000001c85e7c9360 Thread exited: 0x000001c85e7c9360
Event: 287259.314 Thread 0x000001c8169c62d0 Thread added: 0x000001c85e7c9360
Event: 287259.516 Thread 0x000001c85e7c9360 Thread added: 0x000001c861afb140
Event: 287259.716 Thread 0x000001c861afb140 Thread exited: 0x000001c861afb140
Event: 287259.716 Thread 0x000001c85e7c9360 Thread exited: 0x000001c85e7c9360
Event: 287260.339 Thread 0x000001c861ab2ec0 Thread added: 0x000001c86258f3a0
Event: 287260.524 Thread 0x000001c8169c62d0 Thread added: 0x000001c861afb140
Event: 287260.856 Thread 0x000001c861afb140 Thread added: 0x000001c85e7c9360
Event: 287262.088 Thread 0x000001c85e7c9360 Thread exited: 0x000001c85e7c9360
Event: 287262.387 Thread 0x000001c861afb140 Thread exited: 0x000001c861afb140
Event: 287335.150 Thread 0x000001c861ab2ec0 Thread exited: 0x000001c861ab2ec0
Event: 287395.154 Thread 0x000001c861ab8410 Thread exited: 0x000001c861ab8410
Event: 287455.162 Thread 0x000001c861ab1480 Thread exited: 0x000001c861ab1480
Event: 287515.165 Thread 0x000001c861ab69d0 Thread exited: 0x000001c861ab69d0
Event: 287575.179 Thread 0x000001c86258fa30 Thread exited: 0x000001c86258fa30
Event: 287635.184 Thread 0x000001c862591470 Thread exited: 0x000001c862591470
Event: 287695.185 Thread 0x000001c86258f3a0 Thread exited: 0x000001c86258f3a0
Event: 339859.670 Thread 0x000001c860afd720 Thread added: 0x000001c862591470
Event: 339919.998 Thread 0x000001c862591470 Thread exited: 0x000001c862591470


Dynamic libraries:
0x00007ff7cd840000 - 0x00007ff7cd84e000 	c:\Users\steve\.vscode\extensions\redhat.java-1.44.0-win32-x64\jre\21.0.8-win32-x86_64\bin\java.exe
0x00007ff9365c0000 - 0x00007ff936827000 	C:\WINDOWS\SYSTEM32\ntdll.dll
0x00007ff935130000 - 0x00007ff9351f9000 	C:\WINDOWS\System32\KERNEL32.DLL
0x00007ff9339b0000 - 0x00007ff933da0000 	C:\WINDOWS\System32\KERNELBASE.dll
0x00007ff934050000 - 0x00007ff93419b000 	C:\WINDOWS\System32\ucrtbase.dll
0x00007ff9254d0000 - 0x00007ff9254e8000 	c:\Users\steve\.vscode\extensions\redhat.java-1.44.0-win32-x64\jre\21.0.8-win32-x86_64\bin\jli.dll
0x00007ff934f60000 - 0x00007ff935125000 	C:\WINDOWS\System32\USER32.dll
0x00007ff9341a0000 - 0x00007ff9341c7000 	C:\WINDOWS\System32\win32u.dll
0x00007ff91f520000 - 0x00007ff91f53e000 	c:\Users\steve\.vscode\extensions\redhat.java-1.44.0-win32-x64\jre\21.0.8-win32-x86_64\bin\VCRUNTIME140.dll
0x00007ff936170000 - 0x00007ff93619b000 	C:\WINDOWS\System32\GDI32.dll
0x00007ff9336f0000 - 0x00007ff933828000 	C:\WINDOWS\System32\gdi32full.dll
0x00007ff91be20000 - 0x00007ff91c0ba000 	C:\WINDOWS\WinSxS\amd64_microsoft.windows.common-controls_6595b64144ccf1df_6.0.26100.4768_none_3e0c112ce331287c\COMCTL32.dll
0x00007ff934e00000 - 0x00007ff934ea9000 	C:\WINDOWS\System32\msvcrt.dll
0x00007ff933ee0000 - 0x00007ff933f83000 	C:\WINDOWS\System32\msvcp_win.dll
0x00007ff936440000 - 0x00007ff93646f000 	C:\WINDOWS\System32\IMM32.DLL
0x00007ff929370000 - 0x00007ff92937c000 	c:\Users\steve\.vscode\extensions\redhat.java-1.44.0-win32-x64\jre\21.0.8-win32-x86_64\bin\vcruntime140_1.dll
0x00007ff91c500000 - 0x00007ff91c58d000 	c:\Users\steve\.vscode\extensions\redhat.java-1.44.0-win32-x64\jre\21.0.8-win32-x86_64\bin\msvcp140.dll
0x00007ff8c9170000 - 0x00007ff8c9f07000 	c:\Users\steve\.vscode\extensions\redhat.java-1.44.0-win32-x64\jre\21.0.8-win32-x86_64\bin\server\jvm.dll
0x00007ff9353a0000 - 0x00007ff935454000 	C:\WINDOWS\System32\ADVAPI32.dll
0x00007ff9361a0000 - 0x00007ff936246000 	C:\WINDOWS\System32\sechost.dll
0x00007ff934aa0000 - 0x00007ff934bb8000 	C:\WINDOWS\System32\RPCRT4.dll
0x00007ff935d50000 - 0x00007ff935dc4000 	C:\WINDOWS\System32\WS2_32.dll
0x00007ff933550000 - 0x00007ff9335ae000 	C:\WINDOWS\SYSTEM32\POWRPROF.dll
0x00007ff92c6d0000 - 0x00007ff92c705000 	C:\WINDOWS\SYSTEM32\WINMM.dll
0x00007ff92c710000 - 0x00007ff92c71b000 	C:\WINDOWS\SYSTEM32\VERSION.dll
0x00007ff933530000 - 0x00007ff933544000 	C:\WINDOWS\SYSTEM32\UMPDC.dll
0x00007ff932470000 - 0x00007ff93248b000 	C:\WINDOWS\SYSTEM32\kernel.appcore.dll
0x00007ff921970000 - 0x00007ff92197a000 	c:\Users\steve\.vscode\extensions\redhat.java-1.44.0-win32-x64\jre\21.0.8-win32-x86_64\bin\jimage.dll
0x00007ff930d60000 - 0x00007ff930fa1000 	C:\WINDOWS\SYSTEM32\DBGHELP.DLL
0x00007ff935dd0000 - 0x00007ff936155000 	C:\WINDOWS\System32\combase.dll
0x00007ff936480000 - 0x00007ff936560000 	C:\WINDOWS\System32\OLEAUT32.dll
0x00007ff918ff0000 - 0x00007ff919033000 	C:\WINDOWS\SYSTEM32\dbgcore.DLL
0x00007ff933db0000 - 0x00007ff933e49000 	C:\WINDOWS\System32\bcryptPrimitives.dll
0x00007ff9218e0000 - 0x00007ff9218ef000 	c:\Users\steve\.vscode\extensions\redhat.java-1.44.0-win32-x64\jre\21.0.8-win32-x86_64\bin\instrument.dll
0x00007ff91db00000 - 0x00007ff91db1f000 	c:\Users\steve\.vscode\extensions\redhat.java-1.44.0-win32-x64\jre\21.0.8-win32-x86_64\bin\java.dll
0x00007ff934350000 - 0x00007ff934a9d000 	C:\WINDOWS\System32\SHELL32.dll
0x00007ff9341d0000 - 0x00007ff934343000 	C:\WINDOWS\System32\wintypes.dll
0x00007ff9312f0000 - 0x00007ff931b50000 	C:\WINDOWS\SYSTEM32\windows.storage.dll
0x00007ff934bc0000 - 0x00007ff934cb5000 	C:\WINDOWS\System32\SHCORE.dll
0x00007ff934cc0000 - 0x00007ff934d2a000 	C:\WINDOWS\System32\shlwapi.dll
0x00007ff933610000 - 0x00007ff933639000 	C:\WINDOWS\SYSTEM32\profapi.dll
0x00007ff91ca50000 - 0x00007ff91ca68000 	c:\Users\steve\.vscode\extensions\redhat.java-1.44.0-win32-x64\jre\21.0.8-win32-x86_64\bin\zip.dll
0x00007ff9218b0000 - 0x00007ff9218c0000 	C:\Users\steve\.vscode\extensions\redhat.java-1.44.0-win32-x64\jre\21.0.8-win32-x86_64\bin\net.dll
0x00007ff929010000 - 0x00007ff92912e000 	C:\WINDOWS\SYSTEM32\WINHTTP.dll
0x00007ff932a00000 - 0x00007ff932a6b000 	C:\WINDOWS\system32\mswsock.dll
0x00007ff91ca30000 - 0x00007ff91ca46000 	C:\Users\steve\.vscode\extensions\redhat.java-1.44.0-win32-x64\jre\21.0.8-win32-x86_64\bin\nio.dll
0x00007ff921810000 - 0x00007ff921820000 	c:\Users\steve\.vscode\extensions\redhat.java-1.44.0-win32-x64\jre\21.0.8-win32-x86_64\bin\verify.dll
0x00007ff917570000 - 0x00007ff9175b5000 	C:\Users\steve\AppData\Roaming\Code\User\globalStorage\redhat.java\1.44.0\config_win\org.eclipse.equinox.launcher\org.eclipse.equinox.launcher.win32.win32.x86_64_1.2.1400.v20250730-1736\eclipse_11913.dll
0x00007ff935460000 - 0x00007ff935600000 	C:\WINDOWS\System32\ole32.dll
0x00007ff932cc0000 - 0x00007ff932cdb000 	C:\WINDOWS\SYSTEM32\CRYPTSP.dll
0x00007ff9323d0000 - 0x00007ff93240b000 	C:\WINDOWS\system32\rsaenh.dll
0x00007ff932aa0000 - 0x00007ff932acb000 	C:\WINDOWS\SYSTEM32\USERENV.dll
0x00007ff9335e0000 - 0x00007ff933606000 	C:\WINDOWS\SYSTEM32\bcrypt.dll
0x00007ff932ce0000 - 0x00007ff932cec000 	C:\WINDOWS\SYSTEM32\CRYPTBASE.dll
0x00007ff931f30000 - 0x00007ff931f63000 	C:\WINDOWS\SYSTEM32\IPHLPAPI.DLL
0x00007ff936160000 - 0x00007ff93616a000 	C:\WINDOWS\System32\NSI.dll
0x00007ff90a8f0000 - 0x00007ff90a939000 	C:\Users\steve\AppData\Local\Temp\jna-109761491\jna463160109056570265.dll
0x00007ff936350000 - 0x00007ff936358000 	C:\WINDOWS\System32\PSAPI.DLL
0x00007ff92ac00000 - 0x00007ff92ac1f000 	C:\WINDOWS\SYSTEM32\dhcpcsvc6.DLL
0x00007ff92abd0000 - 0x00007ff92abf5000 	C:\WINDOWS\SYSTEM32\dhcpcsvc.DLL
0x00007ff921170000 - 0x00007ff92117e000 	C:\Users\steve\.vscode\extensions\redhat.java-1.44.0-win32-x64\jre\21.0.8-win32-x86_64\bin\sunmscapi.dll
0x00007ff933830000 - 0x00007ff9339a7000 	C:\WINDOWS\System32\CRYPT32.dll
0x00007ff932ee0000 - 0x00007ff932f10000 	C:\WINDOWS\SYSTEM32\ncrypt.dll
0x00007ff932e90000 - 0x00007ff932ecf000 	C:\WINDOWS\SYSTEM32\NTASN1.dll
0x00007ff931f70000 - 0x00007ff932096000 	C:\WINDOWS\SYSTEM32\DNSAPI.dll
0x00007ff92a750000 - 0x00007ff92a75b000 	C:\Windows\System32\rasadhlp.dll
0x00007ff92c5d0000 - 0x00007ff92c656000 	C:\WINDOWS\System32\fwpuclnt.dll
0x00007ff920ed0000 - 0x00007ff920ed9000 	C:\Users\steve\.vscode\extensions\redhat.java-1.44.0-win32-x64\jre\21.0.8-win32-x86_64\bin\extnet.dll

JVMTI agents:
c:\Users\steve\.vscode\extensions\redhat.java-1.44.0-win32-x64\lombok\lombok-1.18.39-4050.jar path:c:\Users\steve\.vscode\extensions\redhat.java-1.44.0-win32-x64\jre\21.0.8-win32-x86_64\bin\instrument.dll, loaded, initialized, instrumentlib options:none

dbghelp: loaded successfully - version: 4.0.5 - missing functions: none
symbol engine: initialized successfully - sym options: 0x614 - pdb path: .;c:\Users\steve\.vscode\extensions\redhat.java-1.44.0-win32-x64\jre\21.0.8-win32-x86_64\bin;C:\WINDOWS\SYSTEM32;C:\WINDOWS\WinSxS\amd64_microsoft.windows.common-controls_6595b64144ccf1df_6.0.26100.4768_none_3e0c112ce331287c;c:\Users\steve\.vscode\extensions\redhat.java-1.44.0-win32-x64\jre\21.0.8-win32-x86_64\bin\server;C:\Users\steve\AppData\Roaming\Code\User\globalStorage\redhat.java\1.44.0\config_win\org.eclipse.equinox.launcher\org.eclipse.equinox.launcher.win32.win32.x86_64_1.2.1400.v20250730-1736;C:\Users\steve\AppData\Local\Temp\jna-109761491

VM Arguments:
jvm_args: --add-modules=ALL-SYSTEM --add-opens=java.base/java.util=ALL-UNNAMED --add-opens=java.base/java.lang=ALL-UNNAMED --add-opens=java.base/sun.nio.fs=ALL-UNNAMED -Declipse.application=org.eclipse.jdt.ls.core.id1 -Dosgi.bundles.defaultStartLevel=4 -Declipse.product=org.eclipse.jdt.ls.core.product -Djava.import.generatesMetadataFilesAtProjectRoot=false -DDetectVMInstallationsJob.disabled=true -Dfile.encoding=utf8 -XX:+UseParallelGC -XX:GCTimeRatio=4 -XX:AdaptiveSizePolicyWeight=90 -Dsun.zip.disableMemoryMapping=true -Xmx2G -Xms100m -Xlog:disable -javaagent:c:\Users\steve\.vscode\extensions\redhat.java-1.44.0-win32-x64\lombok\lombok-1.18.39-4050.jar -XX:+HeapDumpOnOutOfMemoryError -XX:HeapDumpPath=c:\Users\steve\AppData\Roaming\Code\User\workspaceStorage\cd1d468f1b6313083e2712d3cae23c8e\redhat.java -Daether.dependencyCollector.impl=bf 
java_command: c:\Users\steve\.vscode\extensions\redhat.java-1.44.0-win32-x64\server\plugins\org.eclipse.equinox.launcher_1.7.0.v20250519-0528.jar -configuration c:\Users\steve\AppData\Roaming\Code\User\globalStorage\redhat.java\1.44.0\config_win -data c:\Users\steve\AppData\Roaming\Code\User\workspaceStorage\cd1d468f1b6313083e2712d3cae23c8e\redhat.java\jdt_ws --pipe=\\.\pipe\lsp-b0bf4ac8ca9a8a0ba5dd54f6939d89e4-sock
java_class_path (initial): c:\Users\steve\.vscode\extensions\redhat.java-1.44.0-win32-x64\server\plugins\org.eclipse.equinox.launcher_1.7.0.v20250519-0528.jar
Launcher Type: SUN_STANDARD

[Global flags]
    uintx AdaptiveSizePolicyWeight                 = 90                                        {product} {command line}
     intx CICompilerCount                          = 4                                         {product} {ergonomic}
    uintx GCTimeRatio                              = 4                                         {product} {command line}
     bool HeapDumpOnOutOfMemoryError               = true                                   {manageable} {command line}
    ccstr HeapDumpPath                             = c:\Users\steve\AppData\Roaming\Code\User\workspaceStorage\cd1d468f1b6313083e2712d3cae23c8e\redhat.java         {manageable} {command line}
   size_t InitialHeapSize                          = 104857600                                 {product} {command line}
   size_t MaxHeapSize                              = 2147483648                                {product} {command line}
   size_t MaxNewSize                               = 715653120                                 {product} {ergonomic}
   size_t MinHeapDeltaBytes                        = 524288                                    {product} {ergonomic}
   size_t MinHeapSize                              = 104857600                                 {product} {command line}
   size_t NewSize                                  = 34603008                                  {product} {ergonomic}
    uintx NonNMethodCodeHeapSize                   = 5839372                                {pd product} {ergonomic}
    uintx NonProfiledCodeHeapSize                  = 122909434                              {pd product} {ergonomic}
   size_t OldSize                                  = 70254592                                  {product} {ergonomic}
    uintx ProfiledCodeHeapSize                     = 122909434                              {pd product} {ergonomic}
    uintx ReservedCodeCacheSize                    = 251658240                              {pd product} {ergonomic}
     bool SegmentedCodeCache                       = true                                      {product} {ergonomic}
   size_t SoftMaxHeapSize                          = 2147483648                             {manageable} {ergonomic}
     bool UseCompressedOops                        = true                           {product lp64_product} {ergonomic}
     bool UseLargePagesIndividualAllocation        = false                                  {pd product} {ergonomic}
     bool UseParallelGC                            = true                                      {product} {command line}

Logging:
Log output configuration:
 #0: stdout all=off uptime,level,tags foldmultilines=false
 #1: stderr all=off uptime,level,tags foldmultilines=false

Environment Variables:
PATH=C:\Program Files (x86)\Common Files\Oracle\Java\javapath;C:\Program Files\Common Files\Oracle\Java\javapath;C:\Program Files (x86)\NVIDIA Corporation\PhysX\Common;C:\Program Files (x86)\Common Files\Intel\Shared Libraries\redist\intel64\compiler;C:\WINDOWS\system32;C:\WINDOWS;C:\WINDOWS\System32\Wbem;C:\WINDOWS\System32\WindowsPowerShell\v1.0\;C:\WINDOWS\System32\OpenSSH\;C:\Program Files\Microsoft SQL Server\120\Tools\Binn\;C:\Program Files\Common Files\Autodesk Shared\;C:\Program Files\MATLAB\R2023a\runtime\win64;C:\Program Files\MATLAB\R2023a\bin;C:\Program Files\Java\jdk-11.0.2\bin;C:\Program Files\PuTTY\;C:\Program Files\nodejs\;C:\Program Files\Git\cmd;C:\Program Files (x86)\Windows Kits\10\Windows Performance Toolkit\;C:\Users\steve\.cargo\bin;C:\Program Files\MySQL\MySQL Shell 8.0\bin\;C:\Users\steve\AppData\Local\Microsoft\WindowsApps;C:\Users\steve\AppData\Local\Programs\Microsoft VS Code\bin;C:\Users\steve\AppData\Local\GitHubDesktop\bin;C:\Users\steve\AppData\Roaming\npm
USERNAME=steve
OS=Windows_NT
PROCESSOR_IDENTIFIER=AMD64 Family 23 Model 24 Stepping 1, AuthenticAMD
TMP=C:\Users\steve\AppData\Local\Temp
TEMP=C:\Users\steve\AppData\Local\Temp




Periodic native trim disabled

---------------  S Y S T E M  ---------------

OS:
 Windows 11 , 64 bit Build 26100 (10.0.26100.4768)
OS uptime: 4 days 7:11 hours

CPU: total 8 (initial active 8) (8 cores per cpu, 2 threads per core) family 23 model 24 stepping 1 microcode 0x8108102, cx8, cmov, fxsr, ht, mmx, 3dnowpref, sse, sse2, sse3, ssse3, sse4a, sse4.1, sse4.2, popcnt, lzcnt, tsc, tscinvbit, avx, avx2, aes, clmul, bmi1, bmi2, adx, sha, fma, vzeroupper, clflush, clflushopt, rdtscp, f16c
Processor Information for the first 8 processors :
  Max Mhz: 2300, Current Mhz: 2300, Mhz Limit: 2300

Memory: 4k page, system-wide physical 14222M (502M free)
TotalPageFile size 38523M (AvailPageFile size 90M)
current process WorkingSet (physical memory assigned to process): 13M, peak: 905M
current process commit charge ("private bytes"): 879M, peak: 930M

vm_info: OpenJDK 64-Bit Server VM (21.0.8+9-LTS) for windows-amd64 JRE (21.0.8+9-LTS), built on 2025-07-15T00:00:00Z by "admin" with MS VC++ 17.7 (VS2022)

END.
